[2022-10-03T18:16:23.656] [DEBUG] cheese - login => username:admin,password:123
[2022-10-03T18:16:23.658] [DEBUG] cheese - admin
[2022-10-03T18:16:23.671] [DEBUG] cheese - null
[2022-10-03T18:16:23.672] [DEBUG] cheese - null
[2022-10-03T18:17:03.737] [DEBUG] cheese - login => username:admin,password:admin
[2022-10-03T18:17:03.737] [DEBUG] cheese - admin
[2022-10-03T18:17:03.740] [DEBUG] cheese - null
[2022-10-03T18:17:03.740] [DEBUG] cheese - null
[2022-10-03T18:17:11.537] [DEBUG] cheese - login => username:admin,password:123456
[2022-10-03T18:17:11.537] [DEBUG] cheese - admin
[2022-10-03T18:17:11.540] [DEBUG] cheese - null
[2022-10-03T18:17:11.540] [DEBUG] cheese - null
[2022-10-03T23:35:29.155] [DEBUG] cheese - login => username:admin123,password:123aA
[2022-10-03T23:35:29.157] [DEBUG] cheese - admin123
[2022-10-03T23:35:29.483] [DEBUG] cheese - null
[2022-10-03T23:35:29.484] [DEBUG] cheese - null
[2022-10-03T23:35:58.014] [DEBUG] cheese - login => username:123,password:123
[2022-10-03T23:35:58.015] [DEBUG] cheese - 123
[2022-10-03T23:35:58.017] [DEBUG] cheese - null
[2022-10-03T23:35:58.017] [DEBUG] cheese - null
[2022-10-03T23:36:06.023] [DEBUG] cheese - login => username:admin,password:123456
[2022-10-03T23:36:06.023] [DEBUG] cheese - admin
[2022-10-03T23:36:06.028] [DEBUG] cheese - null
[2022-10-03T23:36:06.028] [DEBUG] cheese - null
[2022-10-03T23:38:42.820] [DEBUG] cheese - login => username:admin123,password:123456
[2022-10-03T23:38:42.820] [DEBUG] cheese - admin123
[2022-10-03T23:38:42.822] [DEBUG] cheese - null
[2022-10-03T23:38:42.822] [DEBUG] cheese - null
[2022-10-03T23:38:46.152] [DEBUG] cheese - login => username:admin,password:123456
[2022-10-03T23:38:46.152] [DEBUG] cheese - admin
[2022-10-03T23:38:46.154] [DEBUG] cheese - null
[2022-10-03T23:38:46.155] [DEBUG] cheese - null
[2022-10-03T23:39:28.522] [DEBUG] cheese - login => username:123,password:123
[2022-10-03T23:39:28.522] [DEBUG] cheese - 123
[2022-10-03T23:39:28.525] [DEBUG] cheese - null
[2022-10-03T23:39:28.525] [DEBUG] cheese - null
[2022-10-03T23:40:15.947] [DEBUG] cheese - login => username:123,password:123
[2022-10-03T23:40:15.948] [DEBUG] cheese - 123
[2022-10-03T23:40:15.950] [DEBUG] cheese - null
[2022-10-03T23:40:15.950] [DEBUG] cheese - null
[2022-10-03T23:42:04.531] [DEBUG] cheese - login => username:123,password:123
[2022-10-03T23:42:04.531] [DEBUG] cheese - 123
[2022-10-03T23:42:04.534] [DEBUG] cheese - null
[2022-10-03T23:42:04.534] [DEBUG] cheese - null
[2022-10-03T23:49:35.972] [DEBUG] cheese - login => username:admin123,password:123456
[2022-10-03T23:49:35.973] [DEBUG] cheese - admin123
[2022-10-03T23:49:35.975] [DEBUG] cheese - null
[2022-10-03T23:49:35.975] [DEBUG] cheese - null
[2022-10-03T23:49:41.576] [DEBUG] cheese - login => username:admin123,password:123456
[2022-10-03T23:49:41.577] [DEBUG] cheese - admin123
[2022-10-03T23:49:41.578] [DEBUG] cheese - null
[2022-10-03T23:49:41.578] [DEBUG] cheese - null
[2022-10-03T23:50:00.729] [DEBUG] cheese - login => username:admin,password:123456
[2022-10-03T23:50:00.729] [DEBUG] cheese - admin
[2022-10-03T23:50:00.733] [DEBUG] cheese - null
[2022-10-03T23:50:00.733] [DEBUG] cheese - null
[2022-10-03T23:51:05.185] [DEBUG] cheese - login => username:admin,password:123456
[2022-10-03T23:51:05.185] [DEBUG] cheese - admin
[2022-10-03T23:51:05.187] [DEBUG] cheese - null
[2022-10-03T23:51:05.187] [DEBUG] cheese - null
[2022-10-03T23:51:15.703] [DEBUG] cheese - login => username:admin,password:123456
[2022-10-03T23:51:15.703] [DEBUG] cheese - admin
[2022-10-03T23:51:15.705] [DEBUG] cheese - null
[2022-10-03T23:51:15.705] [DEBUG] cheese - null
[2022-10-03T23:51:19.074] [DEBUG] cheese - login => username:admin,password:123456
[2022-10-03T23:51:19.074] [DEBUG] cheese - admin
[2022-10-03T23:51:19.076] [DEBUG] cheese - null
[2022-10-03T23:51:19.076] [DEBUG] cheese - null
[2022-10-03T23:51:28.427] [DEBUG] cheese - login => username:admin,password:123456
[2022-10-03T23:51:28.427] [DEBUG] cheese - admin
[2022-10-03T23:51:28.429] [DEBUG] cheese - null
[2022-10-03T23:51:28.429] [DEBUG] cheese - null
[2022-10-03T23:51:37.920] [DEBUG] cheese - login => username:admin,password:123456
[2022-10-03T23:51:37.920] [DEBUG] cheese - admin
[2022-10-03T23:51:37.922] [DEBUG] cheese - null
[2022-10-03T23:51:37.922] [DEBUG] cheese - null
[2022-10-03T23:51:46.652] [DEBUG] cheese - login => username:admin,password:123456
[2022-10-03T23:51:46.652] [DEBUG] cheese - admin
[2022-10-03T23:51:46.654] [DEBUG] cheese - null
[2022-10-03T23:51:46.654] [DEBUG] cheese - null
[2022-10-03T23:51:51.548] [DEBUG] cheese - login => username:admin,password:123456
[2022-10-03T23:51:51.548] [DEBUG] cheese - admin
[2022-10-03T23:51:51.551] [DEBUG] cheese - null
[2022-10-03T23:51:51.551] [DEBUG] cheese - null
[2022-10-03T23:53:47.502] [DEBUG] cheese - login => username:admin,password:123456
[2022-10-03T23:53:47.503] [DEBUG] cheese - admin
[2022-10-03T23:53:47.504] [DEBUG] cheese - null
[2022-10-03T23:53:47.505] [DEBUG] cheese - null
[2022-10-03T23:54:56.553] [DEBUG] cheese - login => username:admin,password:1234561
[2022-10-03T23:54:56.553] [DEBUG] cheese - admin
[2022-10-03T23:54:56.555] [DEBUG] cheese - null
[2022-10-03T23:54:56.555] [DEBUG] cheese - null
[2022-10-03T23:55:05.910] [DEBUG] cheese - login => username:admin,password:1231456
[2022-10-03T23:55:05.910] [DEBUG] cheese - admin
[2022-10-03T23:55:05.912] [DEBUG] cheese - null
[2022-10-03T23:55:05.912] [DEBUG] cheese - null
[2022-10-03T23:56:41.320] [DEBUG] cheese - login => username:admin,password:1234563
[2022-10-03T23:56:41.320] [DEBUG] cheese - admin
[2022-10-03T23:56:41.322] [DEBUG] cheese - null
[2022-10-03T23:56:41.322] [DEBUG] cheese - null
[2022-10-03T23:56:43.667] [DEBUG] cheese - login => username:admin1,password:123456
[2022-10-03T23:56:43.667] [DEBUG] cheese - admin1
[2022-10-03T23:56:43.669] [DEBUG] cheese - null
[2022-10-03T23:56:43.669] [DEBUG] cheese - null
[2022-10-03T23:57:33.285] [DEBUG] cheese - login => username:admin,password:123456
[2022-10-03T23:57:33.285] [DEBUG] cheese - admin
[2022-10-03T23:57:33.287] [DEBUG] cheese - null
[2022-10-03T23:57:33.287] [DEBUG] cheese - null
[2022-10-03T23:57:55.240] [DEBUG] cheese - login => username:admin,password:123456
[2022-10-03T23:57:55.240] [DEBUG] cheese - admin
[2022-10-03T23:57:55.243] [DEBUG] cheese - null
[2022-10-03T23:57:55.243] [DEBUG] cheese - null
[2022-10-03T23:57:57.758] [DEBUG] cheese - login => username:admin1,password:123456
[2022-10-03T23:57:57.758] [DEBUG] cheese - admin1
[2022-10-03T23:57:57.759] [DEBUG] cheese - null
[2022-10-03T23:57:57.760] [DEBUG] cheese - null
[2022-10-03T23:58:31.220] [DEBUG] cheese - login => username:admin,password:123456
[2022-10-03T23:58:31.220] [DEBUG] cheese - admin
[2022-10-03T23:58:31.222] [DEBUG] cheese - null
[2022-10-03T23:58:31.222] [DEBUG] cheese - null
[2022-10-03T23:58:34.543] [DEBUG] cheese - login => username:admin1,password:123456
[2022-10-03T23:58:34.543] [DEBUG] cheese - admin1
[2022-10-03T23:58:34.545] [DEBUG] cheese - null
[2022-10-03T23:58:34.545] [DEBUG] cheese - null
[2022-10-03T23:58:45.608] [DEBUG] cheese - login => username:admin,password:123456
[2022-10-03T23:58:45.608] [DEBUG] cheese - admin
[2022-10-03T23:58:45.610] [DEBUG] cheese - null
[2022-10-03T23:58:45.610] [DEBUG] cheese - null
[2022-10-03T23:59:11.574] [DEBUG] cheese - login => username:admin123,password:123456
[2022-10-03T23:59:11.574] [DEBUG] cheese - admin123
[2022-10-03T23:59:11.576] [DEBUG] cheese - null
[2022-10-03T23:59:11.576] [DEBUG] cheese - null
[2022-10-03T23:59:21.053] [DEBUG] cheese - login => username:admin,password:12345612
[2022-10-03T23:59:21.053] [DEBUG] cheese - admin
[2022-10-03T23:59:21.055] [DEBUG] cheese - null
[2022-10-03T23:59:21.055] [DEBUG] cheese - null
[2022-10-04T00:03:25.021] [DEBUG] cheese - login => username:admin,password:123456
[2022-10-04T00:03:25.021] [DEBUG] cheese - admin
[2022-10-04T00:03:25.023] [DEBUG] cheese - null
[2022-10-04T00:03:25.024] [DEBUG] cheese - null
[2022-10-04T00:03:27.153] [DEBUG] cheese - login => username:admin,password:1234561
[2022-10-04T00:03:27.153] [DEBUG] cheese - admin
[2022-10-04T00:03:27.155] [DEBUG] cheese - null
[2022-10-04T00:03:27.155] [DEBUG] cheese - null
[2022-10-04T00:03:29.944] [DEBUG] cheese - login => username:admin12,password:123456
[2022-10-04T00:03:29.944] [DEBUG] cheese - admin12
[2022-10-04T00:03:29.946] [DEBUG] cheese - null
[2022-10-04T00:03:29.946] [DEBUG] cheese - null
[2022-10-04T00:03:41.997] [DEBUG] cheese - login => username:admin,password:123456
[2022-10-04T00:03:41.997] [DEBUG] cheese - admin
[2022-10-04T00:03:42.001] [DEBUG] cheese - null
[2022-10-04T00:03:42.001] [DEBUG] cheese - null
[2022-10-04T00:03:50.407] [DEBUG] cheese - login => username:admin,password:123456
[2022-10-04T00:03:50.407] [DEBUG] cheese - admin
[2022-10-04T00:03:50.410] [DEBUG] cheese - null
[2022-10-04T00:03:50.410] [DEBUG] cheese - null
[2022-10-04T00:03:56.919] [DEBUG] cheese - login => username:admin,password:1234561
[2022-10-04T00:03:56.919] [DEBUG] cheese - admin
[2022-10-04T00:03:56.921] [DEBUG] cheese - null
[2022-10-04T00:03:56.921] [DEBUG] cheese - null
[2022-10-04T00:09:22.907] [DEBUG] cheese - login => username:admin,password:123456
[2022-10-04T00:09:22.907] [DEBUG] cheese - admin
[2022-10-04T00:09:22.910] [DEBUG] cheese - null
[2022-10-04T00:09:22.910] [DEBUG] cheese - null
[2022-10-04T00:09:31.225] [DEBUG] cheese - login => username:admin,password:123456
[2022-10-04T00:09:31.225] [DEBUG] cheese - admin
[2022-10-04T00:09:31.227] [DEBUG] cheese - null
[2022-10-04T00:09:31.227] [DEBUG] cheese - null
[2022-10-04T00:09:55.693] [DEBUG] cheese - login => username:admin,password:123456
[2022-10-04T00:09:55.693] [DEBUG] cheese - admin
[2022-10-04T00:09:55.696] [DEBUG] cheese - null
[2022-10-04T00:09:55.696] [DEBUG] cheese - null
[2022-10-04T00:09:57.741] [DEBUG] cheese - login => username:admin,password:a
[2022-10-04T00:09:57.741] [DEBUG] cheese - admin
[2022-10-04T00:09:57.743] [DEBUG] cheese - null
[2022-10-04T00:09:57.743] [DEBUG] cheese - null
[2022-10-04T14:07:57.857] [DEBUG] cheese - login => username:1,password:1
[2022-10-04T14:07:57.860] [DEBUG] cheese - 1
[2022-10-04T14:07:59.368] [DEBUG] cheese - null
[2022-10-04T14:07:59.368] [DEBUG] cheese - null
[2022-10-04T14:08:11.806] [DEBUG] cheese - login => username:1,password:1
[2022-10-04T14:08:11.807] [DEBUG] cheese - 1
[2022-10-04T14:08:11.809] [DEBUG] cheese - null
[2022-10-04T14:08:11.809] [DEBUG] cheese - null
[2022-10-04T14:08:16.413] [DEBUG] cheese - login => username:admin,password:1
[2022-10-04T14:08:16.413] [DEBUG] cheese - admin
[2022-10-04T14:08:16.485] [DEBUG] cheese - null
[2022-10-04T14:08:16.485] [DEBUG] cheese - null
[2022-10-04T14:08:28.201] [DEBUG] cheese - login => username:admin,password:1
[2022-10-04T14:08:28.201] [DEBUG] cheese - admin
[2022-10-04T14:08:28.204] [DEBUG] cheese - null
[2022-10-04T14:08:28.204] [DEBUG] cheese - null
[2022-10-04T14:10:55.161] [DEBUG] cheese - login => username:admin,password:1234561
[2022-10-04T14:10:55.161] [DEBUG] cheese - admin
[2022-10-04T14:10:55.163] [DEBUG] cheese - null
[2022-10-04T14:10:55.163] [DEBUG] cheese - null
[2022-10-04T14:12:24.667] [DEBUG] cheese - login => username:admin,password:12345611
[2022-10-04T14:12:24.667] [DEBUG] cheese - admin
[2022-10-04T14:12:24.669] [DEBUG] cheese - null
[2022-10-04T14:12:24.669] [DEBUG] cheese - null
[2022-10-04T14:12:34.739] [DEBUG] cheese - login => username:admin,password:123456
[2022-10-04T14:12:34.739] [DEBUG] cheese - admin
[2022-10-04T14:12:34.742] [DEBUG] cheese - null
[2022-10-04T14:12:34.742] [DEBUG] cheese - null
[2022-10-04T14:12:39.483] [DEBUG] cheese - login => username:admin,password:123456
[2022-10-04T14:12:39.483] [DEBUG] cheese - admin
[2022-10-04T14:12:39.486] [DEBUG] cheese - null
[2022-10-04T14:12:39.487] [DEBUG] cheese - null
[2022-10-04T14:12:43.319] [DEBUG] cheese - login => username:admin,password:123456
[2022-10-04T14:12:43.319] [DEBUG] cheese - admin
[2022-10-04T14:12:43.324] [DEBUG] cheese - null
[2022-10-04T14:12:43.324] [DEBUG] cheese - null
[2022-10-04T14:12:48.237] [DEBUG] cheese - login => username:admin,password:123456
[2022-10-04T14:12:48.237] [DEBUG] cheese - admin
[2022-10-04T14:12:48.239] [DEBUG] cheese - null
[2022-10-04T14:12:48.240] [DEBUG] cheese - null
[2022-10-04T14:12:56.698] [DEBUG] cheese - login => username:admin,password:123456
[2022-10-04T14:12:56.698] [DEBUG] cheese - admin
[2022-10-04T14:12:56.701] [DEBUG] cheese - null
[2022-10-04T14:12:56.701] [DEBUG] cheese - null
[2022-10-04T14:13:03.191] [DEBUG] cheese - login => username:admin,password:1234561
[2022-10-04T14:13:03.191] [DEBUG] cheese - admin
[2022-10-04T14:13:03.193] [DEBUG] cheese - null
[2022-10-04T14:13:03.193] [DEBUG] cheese - null
[2022-10-04T14:13:24.472] [DEBUG] cheese - login => username:admin,password:123456
[2022-10-04T14:13:24.472] [DEBUG] cheese - admin
[2022-10-04T14:13:24.475] [DEBUG] cheese - null
[2022-10-04T14:13:24.475] [DEBUG] cheese - null
[2022-10-04T14:13:28.971] [DEBUG] cheese - login => username:admin,password:123456
[2022-10-04T14:13:28.971] [DEBUG] cheese - admin
[2022-10-04T14:13:28.973] [DEBUG] cheese - null
[2022-10-04T14:13:28.973] [DEBUG] cheese - null
[2022-10-04T14:13:37.006] [DEBUG] cheese - login => username:admin,password:123456
[2022-10-04T14:13:37.006] [DEBUG] cheese - admin
[2022-10-04T14:13:37.009] [DEBUG] cheese - null
[2022-10-04T14:13:37.009] [DEBUG] cheese - null
[2022-10-04T14:13:43.353] [DEBUG] cheese - login => username:admin,password:1234561
[2022-10-04T14:13:43.353] [DEBUG] cheese - admin
[2022-10-04T14:13:43.355] [DEBUG] cheese - null
[2022-10-04T14:13:43.355] [DEBUG] cheese - null
[2022-10-04T14:14:01.498] [DEBUG] cheese - login => username:admin,password:123456
[2022-10-04T14:14:01.498] [DEBUG] cheese - admin
[2022-10-04T14:14:01.501] [DEBUG] cheese - null
[2022-10-04T14:14:01.501] [DEBUG] cheese - null
[2022-10-04T14:14:03.053] [DEBUG] cheese - login => username:admin,password:12345612
[2022-10-04T14:14:03.053] [DEBUG] cheese - admin
[2022-10-04T14:14:03.055] [DEBUG] cheese - null
[2022-10-04T14:14:03.055] [DEBUG] cheese - null
[2022-10-04T14:14:07.566] [DEBUG] cheese - login => username:admin,password:1234561
[2022-10-04T14:14:07.567] [DEBUG] cheese - admin
[2022-10-04T14:14:07.569] [DEBUG] cheese - null
[2022-10-04T14:14:07.569] [DEBUG] cheese - null
[2022-10-04T14:14:38.931] [DEBUG] cheese - login => username:admin,password:123456
[2022-10-04T14:14:38.931] [DEBUG] cheese - admin
[2022-10-04T14:14:38.933] [DEBUG] cheese - null
[2022-10-04T14:14:38.933] [DEBUG] cheese - null
[2022-10-04T14:14:42.110] [DEBUG] cheese - login => username:admin,password:123456
[2022-10-04T14:14:42.110] [DEBUG] cheese - admin
[2022-10-04T14:14:42.112] [DEBUG] cheese - null
[2022-10-04T14:14:42.112] [DEBUG] cheese - null
[2022-10-04T14:14:48.795] [DEBUG] cheese - login => username:admin,password:1234561
[2022-10-04T14:14:48.795] [DEBUG] cheese - admin
[2022-10-04T14:14:48.798] [DEBUG] cheese - null
[2022-10-04T14:14:48.798] [DEBUG] cheese - null
[2022-10-04T14:15:10.036] [DEBUG] cheese - login => username:admin,password:12345612123
[2022-10-04T14:15:10.036] [DEBUG] cheese - admin
[2022-10-04T14:15:10.039] [DEBUG] cheese - null
[2022-10-04T14:15:10.039] [DEBUG] cheese - null
[2022-10-04T14:15:10.680] [DEBUG] cheese - login => username:admin,password:12345612123
[2022-10-04T14:15:10.680] [DEBUG] cheese - admin
[2022-10-04T14:15:10.682] [DEBUG] cheese - null
[2022-10-04T14:15:10.682] [DEBUG] cheese - null
[2022-10-04T14:15:22.059] [DEBUG] cheese - login => username:admin,password:123456
[2022-10-04T14:15:22.059] [DEBUG] cheese - admin
[2022-10-04T14:15:22.061] [DEBUG] cheese - null
[2022-10-04T14:15:22.061] [DEBUG] cheese - null
[2022-10-04T14:15:30.853] [DEBUG] cheese - login => username:admin,password:1234561
[2022-10-04T14:15:30.853] [DEBUG] cheese - admin
[2022-10-04T14:15:30.855] [DEBUG] cheese - null
[2022-10-04T14:15:30.855] [DEBUG] cheese - null
[2022-10-04T14:15:33.484] [DEBUG] cheese - login => username:admin,password:1234561
[2022-10-04T14:15:33.484] [DEBUG] cheese - admin
[2022-10-04T14:15:33.488] [DEBUG] cheese - null
[2022-10-04T14:15:33.488] [DEBUG] cheese - null
[2022-10-04T14:15:34.599] [DEBUG] cheese - login => username:admin,password:123456
[2022-10-04T14:15:34.599] [DEBUG] cheese - admin
[2022-10-04T14:15:34.603] [DEBUG] cheese - null
[2022-10-04T14:15:34.603] [DEBUG] cheese - null
[2022-10-04T14:15:38.733] [DEBUG] cheese - login => username:admin,password:1234561
[2022-10-04T14:15:38.733] [DEBUG] cheese - admin
[2022-10-04T14:15:38.737] [DEBUG] cheese - null
[2022-10-04T14:15:38.737] [DEBUG] cheese - null
[2022-10-04T14:15:49.872] [DEBUG] cheese - login => username:admin,password:1234561
[2022-10-04T14:15:49.873] [DEBUG] cheese - admin
[2022-10-04T14:15:49.875] [DEBUG] cheese - null
[2022-10-04T14:15:49.875] [DEBUG] cheese - null
[2022-10-04T14:16:00.355] [DEBUG] cheese - login => username:admin,password:1234561
[2022-10-04T14:16:00.355] [DEBUG] cheese - admin
[2022-10-04T14:16:00.358] [DEBUG] cheese - null
[2022-10-04T14:16:00.358] [DEBUG] cheese - null
[2022-10-04T14:16:14.130] [DEBUG] cheese - login => username:admin,password:123456
[2022-10-04T14:16:14.131] [DEBUG] cheese - admin
[2022-10-04T14:16:14.134] [DEBUG] cheese - null
[2022-10-04T14:16:14.135] [DEBUG] cheese - null
[2022-10-04T14:16:17.834] [DEBUG] cheese - login => username:admin,password:1234561
[2022-10-04T14:16:17.834] [DEBUG] cheese - admin
[2022-10-04T14:16:17.838] [DEBUG] cheese - null
[2022-10-04T14:16:17.839] [DEBUG] cheese - null
[2022-10-04T14:16:25.048] [DEBUG] cheese - login => username:admin,password:123456
[2022-10-04T14:16:25.048] [DEBUG] cheese - admin
[2022-10-04T14:16:25.050] [DEBUG] cheese - null
[2022-10-04T14:16:25.050] [DEBUG] cheese - null
[2022-10-04T14:16:32.418] [DEBUG] cheese - login => username:admin,password:123456123
[2022-10-04T14:16:32.419] [DEBUG] cheese - admin
[2022-10-04T14:16:32.421] [DEBUG] cheese - null
[2022-10-04T14:16:32.422] [DEBUG] cheese - null
[2022-10-04T14:16:34.940] [DEBUG] cheese - login => username:admin,password:1234561231
[2022-10-04T14:16:34.940] [DEBUG] cheese - admin
[2022-10-04T14:16:34.942] [DEBUG] cheese - null
[2022-10-04T14:16:34.942] [DEBUG] cheese - null
[2022-10-04T14:16:46.930] [DEBUG] cheese - login => username:admin,password:123456
[2022-10-04T14:16:46.930] [DEBUG] cheese - admin
[2022-10-04T14:16:46.932] [DEBUG] cheese - null
[2022-10-04T14:16:46.932] [DEBUG] cheese - null
[2022-10-04T14:16:49.274] [DEBUG] cheese - login => username:admin,password:1234561
[2022-10-04T14:16:49.274] [DEBUG] cheese - admin
[2022-10-04T14:16:49.276] [DEBUG] cheese - null
[2022-10-04T14:16:49.276] [DEBUG] cheese - null
[2022-10-04T14:17:06.863] [DEBUG] cheese - login => username:admin,password:123456
[2022-10-04T14:17:06.863] [DEBUG] cheese - admin
[2022-10-04T14:17:06.866] [DEBUG] cheese - null
[2022-10-04T14:17:06.866] [DEBUG] cheese - null
[2022-10-04T14:17:08.514] [DEBUG] cheese - login => username:admin,password:1234561
[2022-10-04T14:17:08.515] [DEBUG] cheese - admin
[2022-10-04T14:17:08.517] [DEBUG] cheese - null
[2022-10-04T14:17:08.517] [DEBUG] cheese - null
[2022-10-04T14:17:15.206] [DEBUG] cheese - login => username:admin,password:123456
[2022-10-04T14:17:15.207] [DEBUG] cheese - admin
[2022-10-04T14:17:15.209] [DEBUG] cheese - null
[2022-10-04T14:17:15.209] [DEBUG] cheese - null
[2022-10-04T14:17:48.941] [DEBUG] cheese - login => username:admin,password:1
[2022-10-04T14:17:48.941] [DEBUG] cheese - admin
[2022-10-04T14:17:48.943] [DEBUG] cheese - null
[2022-10-04T14:17:48.943] [DEBUG] cheese - null
[2022-10-04T14:18:07.941] [DEBUG] cheese - login => username:admin,password:123456
[2022-10-04T14:18:07.941] [DEBUG] cheese - admin
[2022-10-04T14:18:07.944] [DEBUG] cheese - null
[2022-10-04T14:18:07.944] [DEBUG] cheese - null
[2022-10-04T14:18:10.254] [DEBUG] cheese - login => username:admin,password:12345612
[2022-10-04T14:18:10.254] [DEBUG] cheese - admin
[2022-10-04T14:18:10.256] [DEBUG] cheese - null
[2022-10-04T14:18:10.256] [DEBUG] cheese - null
[2022-10-04T14:18:35.070] [DEBUG] cheese - login => username:admin,password:123456
[2022-10-04T14:18:35.071] [DEBUG] cheese - admin
[2022-10-04T14:18:35.074] [DEBUG] cheese - null
[2022-10-04T14:18:35.074] [DEBUG] cheese - null
[2022-10-04T14:18:35.392] [DEBUG] cheese - login => username:admin,password:123456
[2022-10-04T14:18:35.393] [DEBUG] cheese - admin
[2022-10-04T14:18:35.394] [DEBUG] cheese - null
[2022-10-04T14:18:35.395] [DEBUG] cheese - null
[2022-10-04T14:18:53.427] [DEBUG] cheese - login => username:admin,password:123456
[2022-10-04T14:18:53.427] [DEBUG] cheese - admin
[2022-10-04T14:18:53.429] [DEBUG] cheese - null
[2022-10-04T14:18:53.429] [DEBUG] cheese - null
[2022-10-04T14:19:14.175] [DEBUG] cheese - login => username:admin,password:123456
[2022-10-04T14:19:14.175] [DEBUG] cheese - admin
[2022-10-04T14:19:14.178] [DEBUG] cheese - null
[2022-10-04T14:19:14.178] [DEBUG] cheese - null
[2022-10-04T14:19:21.292] [DEBUG] cheese - login => username:admin,password:1234561
[2022-10-04T14:19:21.292] [DEBUG] cheese - admin
[2022-10-04T14:19:21.295] [DEBUG] cheese - null
[2022-10-04T14:19:21.295] [DEBUG] cheese - null
[2022-10-04T14:19:21.705] [DEBUG] cheese - login => username:admin,password:1234561
[2022-10-04T14:19:21.705] [DEBUG] cheese - admin
[2022-10-04T14:19:21.707] [DEBUG] cheese - null
[2022-10-04T14:19:21.707] [DEBUG] cheese - null
[2022-10-04T14:19:28.673] [DEBUG] cheese - login => username:admin,password:123456
[2022-10-04T14:19:28.673] [DEBUG] cheese - admin
[2022-10-04T14:19:28.677] [DEBUG] cheese - null
[2022-10-04T14:19:28.679] [DEBUG] cheese - null
[2022-10-04T14:19:48.953] [DEBUG] cheese - login => username:admin,password:1234561
[2022-10-04T14:19:48.954] [DEBUG] cheese - admin
[2022-10-04T14:19:48.955] [DEBUG] cheese - null
[2022-10-04T14:19:48.956] [DEBUG] cheese - null
[2022-10-04T14:20:07.289] [DEBUG] cheese - login => username:admin,password:1234561
[2022-10-04T14:20:07.289] [DEBUG] cheese - admin
[2022-10-04T14:20:07.291] [DEBUG] cheese - null
[2022-10-04T14:20:07.291] [DEBUG] cheese - null
[2022-10-04T14:20:11.008] [DEBUG] cheese - login => username:admin,password:1234561123
[2022-10-04T14:20:11.008] [DEBUG] cheese - admin
[2022-10-04T14:20:11.011] [DEBUG] cheese - null
[2022-10-04T14:20:11.011] [DEBUG] cheese - null
[2022-10-04T14:20:36.447] [DEBUG] cheese - login => username:admin,password:123456
[2022-10-04T14:20:36.448] [DEBUG] cheese - admin
[2022-10-04T14:20:36.450] [DEBUG] cheese - null
[2022-10-04T14:20:36.450] [DEBUG] cheese - null
[2022-10-04T14:20:38.160] [DEBUG] cheese - login => username:admin,password:12345612
[2022-10-04T14:20:38.161] [DEBUG] cheese - admin
[2022-10-04T14:20:38.163] [DEBUG] cheese - null
[2022-10-04T14:20:38.163] [DEBUG] cheese - null
[2022-10-04T14:20:40.264] [DEBUG] cheese - login => username:admin,password:1234561231
[2022-10-04T14:20:40.264] [DEBUG] cheese - admin
[2022-10-04T14:20:40.267] [DEBUG] cheese - null
[2022-10-04T14:20:40.267] [DEBUG] cheese - null
[2022-10-04T14:22:24.296] [DEBUG] cheese - login => username:admin,password:123456
[2022-10-04T14:22:24.296] [DEBUG] cheese - admin
[2022-10-04T14:22:24.298] [DEBUG] cheese - null
[2022-10-04T14:22:24.298] [DEBUG] cheese - null
[2022-10-04T14:22:24.579] [DEBUG] cheese - login => username:admin,password:123456
[2022-10-04T14:22:24.579] [DEBUG] cheese - admin
[2022-10-04T14:22:24.583] [DEBUG] cheese - null
[2022-10-04T14:22:24.583] [DEBUG] cheese - null
[2022-10-04T14:22:28.578] [DEBUG] cheese - login => username:admin,password:1234561
[2022-10-04T14:22:28.579] [DEBUG] cheese - admin
[2022-10-04T14:22:28.581] [DEBUG] cheese - null
[2022-10-04T14:22:28.581] [DEBUG] cheese - null
[2022-10-04T14:22:50.041] [DEBUG] cheese - login => username:admin,password:1234561
[2022-10-04T14:22:50.041] [DEBUG] cheese - admin
[2022-10-04T14:22:50.045] [DEBUG] cheese - null
[2022-10-04T14:22:50.045] [DEBUG] cheese - null
[2022-10-04T14:23:46.688] [DEBUG] cheese - login => username:admin,password:1234561
[2022-10-04T14:23:46.688] [DEBUG] cheese - admin
[2022-10-04T14:23:46.691] [DEBUG] cheese - null
[2022-10-04T14:23:46.691] [DEBUG] cheese - null
[2022-10-04T14:24:30.344] [DEBUG] cheese - login => username:admin,password:123456
[2022-10-04T14:24:30.344] [DEBUG] cheese - admin
[2022-10-04T14:24:30.346] [DEBUG] cheese - null
[2022-10-04T14:24:30.346] [DEBUG] cheese - null
[2022-10-04T14:24:31.247] [DEBUG] cheese - login => username:admin,password:1234561
[2022-10-04T14:24:31.247] [DEBUG] cheese - admin
[2022-10-04T14:24:31.250] [DEBUG] cheese - null
[2022-10-04T14:24:31.250] [DEBUG] cheese - null
[2022-10-04T14:24:49.816] [DEBUG] cheese - login => username:admin,password:1234561
[2022-10-04T14:24:49.817] [DEBUG] cheese - admin
[2022-10-04T14:24:49.819] [DEBUG] cheese - null
[2022-10-04T14:24:49.819] [DEBUG] cheese - null
[2022-10-04T14:24:51.050] [DEBUG] cheese - login => username:admin,password:12345611
[2022-10-04T14:24:51.050] [DEBUG] cheese - admin
[2022-10-04T14:24:51.052] [DEBUG] cheese - null
[2022-10-04T14:24:51.052] [DEBUG] cheese - null
[2022-10-04T14:25:05.831] [DEBUG] cheese - login => username:admin,password:1234561
[2022-10-04T14:25:05.831] [DEBUG] cheese - admin
[2022-10-04T14:25:05.834] [DEBUG] cheese - null
[2022-10-04T14:25:05.834] [DEBUG] cheese - null
[2022-10-04T14:25:21.674] [DEBUG] cheese - login => username:admin,password:123456
[2022-10-04T14:25:21.674] [DEBUG] cheese - admin
[2022-10-04T14:25:21.676] [DEBUG] cheese - null
[2022-10-04T14:25:21.676] [DEBUG] cheese - null
[2022-10-04T14:25:27.253] [DEBUG] cheese - login => username:admin,password:1234561
[2022-10-04T14:25:27.253] [DEBUG] cheese - admin
[2022-10-04T14:25:27.254] [DEBUG] cheese - null
[2022-10-04T14:25:27.255] [DEBUG] cheese - null
[2022-10-04T14:25:54.824] [DEBUG] cheese - login => username:admin,password:1234561
[2022-10-04T14:25:54.824] [DEBUG] cheese - admin
[2022-10-04T14:25:54.826] [DEBUG] cheese - null
[2022-10-04T14:25:54.826] [DEBUG] cheese - null
[2022-10-04T14:26:05.686] [DEBUG] cheese - login => username:admin,password:123456
[2022-10-04T14:26:05.686] [DEBUG] cheese - admin
[2022-10-04T14:26:05.689] [DEBUG] cheese - null
[2022-10-04T14:26:05.689] [DEBUG] cheese - null
[2022-10-04T14:26:11.153] [DEBUG] cheese - login => username:admin,password:1234561
[2022-10-04T14:26:11.153] [DEBUG] cheese - admin
[2022-10-04T14:26:11.155] [DEBUG] cheese - null
[2022-10-04T14:26:11.156] [DEBUG] cheese - null
[2022-10-04T14:26:45.513] [DEBUG] cheese - login => username:admin,password:1234561
[2022-10-04T14:26:45.513] [DEBUG] cheese - admin
[2022-10-04T14:26:45.515] [DEBUG] cheese - null
[2022-10-04T14:26:45.516] [DEBUG] cheese - null
[2022-10-04T14:27:18.432] [DEBUG] cheese - login => username:admin,password:12156
[2022-10-04T14:27:18.432] [DEBUG] cheese - admin
[2022-10-04T14:27:18.434] [DEBUG] cheese - null
[2022-10-04T14:27:18.434] [DEBUG] cheese - null
[2022-10-04T14:27:27.953] [DEBUG] cheese - login => username:admin,password:1215612
[2022-10-04T14:27:27.953] [DEBUG] cheese - admin
[2022-10-04T14:27:27.955] [DEBUG] cheese - null
[2022-10-04T14:27:27.955] [DEBUG] cheese - null
[2022-10-04T14:27:35.252] [DEBUG] cheese - login => username:admin,password:12345612
[2022-10-04T14:27:35.252] [DEBUG] cheese - admin
[2022-10-04T14:27:35.255] [DEBUG] cheese - null
[2022-10-04T14:27:35.255] [DEBUG] cheese - null
[2022-10-04T14:27:49.814] [DEBUG] cheese - login => username:admin,password:12345612
[2022-10-04T14:27:49.814] [DEBUG] cheese - admin
[2022-10-04T14:27:49.816] [DEBUG] cheese - null
[2022-10-04T14:27:49.816] [DEBUG] cheese - null
[2022-10-04T14:27:55.954] [DEBUG] cheese - login => username:admin,password:123456
[2022-10-04T14:27:55.954] [DEBUG] cheese - admin
[2022-10-04T14:27:55.956] [DEBUG] cheese - null
[2022-10-04T14:27:55.956] [DEBUG] cheese - null
[2022-10-04T14:28:28.673] [DEBUG] cheese - login => username:admin,password:1234561
[2022-10-04T14:28:28.673] [DEBUG] cheese - admin
[2022-10-04T14:28:28.676] [DEBUG] cheese - null
[2022-10-04T14:28:28.676] [DEBUG] cheese - null
[2022-10-04T14:28:35.330] [DEBUG] cheese - login => username:admin,password:123456
[2022-10-04T14:28:35.330] [DEBUG] cheese - admin
[2022-10-04T14:28:35.333] [DEBUG] cheese - null
[2022-10-04T14:28:35.333] [DEBUG] cheese - null
[2022-10-04T14:29:15.464] [DEBUG] cheese - login => username:admin,password:1234561
[2022-10-04T14:29:15.464] [DEBUG] cheese - admin
[2022-10-04T14:29:15.465] [DEBUG] cheese - null
[2022-10-04T14:29:15.466] [DEBUG] cheese - null
[2022-10-04T14:36:02.024] [DEBUG] cheese - login => username:admin,password:123456
[2022-10-04T14:36:02.024] [DEBUG] cheese - admin
[2022-10-04T14:36:02.029] [DEBUG] cheese - null
[2022-10-04T14:36:02.029] [DEBUG] cheese - null
[2022-10-04T14:36:05.432] [DEBUG] cheese - login => username:admin,password:123456123
[2022-10-04T14:36:05.433] [DEBUG] cheese - admin
[2022-10-04T14:36:05.435] [DEBUG] cheese - null
[2022-10-04T14:36:05.435] [DEBUG] cheese - null
[2022-10-04T14:36:10.893] [DEBUG] cheese - login => username:admin,password:3123123
[2022-10-04T14:36:10.893] [DEBUG] cheese - admin
[2022-10-04T14:36:10.896] [DEBUG] cheese - null
[2022-10-04T14:36:10.896] [DEBUG] cheese - null
[2022-10-04T14:36:15.726] [DEBUG] cheese - login => username:admin,password:123456
[2022-10-04T14:36:15.726] [DEBUG] cheese - admin
[2022-10-04T14:36:15.729] [DEBUG] cheese - null
[2022-10-04T14:36:15.729] [DEBUG] cheese - null
[2022-10-04T14:42:39.115] [DEBUG] cheese - login => username:admin,password:123456
[2022-10-04T14:42:39.115] [DEBUG] cheese - admin
[2022-10-04T14:42:39.119] [DEBUG] cheese - null
[2022-10-04T14:42:39.119] [DEBUG] cheese - null
[2022-10-04T14:43:36.599] [DEBUG] cheese - null
[2022-10-04T14:43:36.604] [DEBUG] cheese - null
[2022-10-04T14:43:36.604] [DEBUG] cheese - null
[2022-10-04T14:43:36.605] [DEBUG] cheese - null
[2022-10-04T14:43:36.605] [DEBUG] cheese - null
[2022-10-06T13:47:39.595] [DEBUG] cheese - login => username:admin,password:123456
[2022-10-06T13:47:39.597] [DEBUG] cheese - admin
[2022-10-06T13:47:39.925] [DEBUG] cheese - null
[2022-10-06T13:47:39.925] [DEBUG] cheese - null
[2022-10-07T10:55:48.022] [DEBUG] cheese - login => username:admin,password:123456
[2022-10-07T10:55:48.023] [DEBUG] cheese - admin
[2022-10-07T10:55:48.142] [DEBUG] cheese - null
[2022-10-07T10:55:48.143] [DEBUG] cheese - null
[2022-10-07T15:01:32.991] [DEBUG] cheese - login => username:admin,password:123456
[2022-10-07T15:01:32.992] [DEBUG] cheese - admin
[2022-10-07T15:01:33.160] [DEBUG] cheese - null
[2022-10-07T15:01:33.160] [DEBUG] cheese - null
[2022-10-07T16:20:54.025] [DEBUG] cheese - login => username:admin,password:123456
[2022-10-07T16:20:54.027] [DEBUG] cheese - admin
[2022-10-07T16:20:54.036] [DEBUG] cheese - null
[2022-10-07T16:20:54.037] [DEBUG] cheese - null
[2022-10-07T16:20:57.126] [DEBUG] cheese - login => username:admin,password:1234561
[2022-10-07T16:20:57.126] [DEBUG] cheese - admin
[2022-10-07T16:20:57.128] [DEBUG] cheese - null
[2022-10-07T16:20:57.129] [DEBUG] cheese - null
[2022-10-07T16:20:58.867] [DEBUG] cheese - login => username:admin,password:12345611
[2022-10-07T16:20:58.867] [DEBUG] cheese - admin
[2022-10-07T16:20:58.869] [DEBUG] cheese - null
[2022-10-07T16:20:58.869] [DEBUG] cheese - null
[2022-10-07T16:21:01.030] [DEBUG] cheese - login => username:admin,password:123456
[2022-10-07T16:21:01.031] [DEBUG] cheese - admin
[2022-10-07T16:21:01.032] [DEBUG] cheese - null
[2022-10-07T16:21:01.032] [DEBUG] cheese - null
[2022-10-07T16:21:15.452] [DEBUG] cheese - login => username:admin,password:123456
[2022-10-07T16:21:15.452] [DEBUG] cheese - admin
[2022-10-07T16:21:15.454] [DEBUG] cheese - null
[2022-10-07T16:21:15.454] [DEBUG] cheese - null
[2022-10-07T16:21:39.161] [DEBUG] cheese - login => username:admin,password:123456
[2022-10-07T16:21:39.161] [DEBUG] cheese - admin
[2022-10-07T16:21:39.163] [DEBUG] cheese - null
[2022-10-07T16:21:39.163] [DEBUG] cheese - null
[2022-10-07T16:25:02.887] [DEBUG] cheese - login => username:admin,password:123456
[2022-10-07T16:25:02.888] [DEBUG] cheese - admin
[2022-10-07T16:25:02.891] [DEBUG] cheese - null
[2022-10-07T16:25:02.892] [DEBUG] cheese - null
[2022-10-07T16:26:31.705] [DEBUG] cheese - login => username:admin,password:123456
[2022-10-07T16:26:31.705] [DEBUG] cheese - admin
[2022-10-07T16:26:31.707] [DEBUG] cheese - null
[2022-10-07T16:26:31.707] [DEBUG] cheese - null
[2022-10-07T16:26:39.710] [DEBUG] cheese - login => username:admin,password:123456
[2022-10-07T16:26:39.710] [DEBUG] cheese - admin
[2022-10-07T16:26:39.712] [DEBUG] cheese - null
[2022-10-07T16:26:39.712] [DEBUG] cheese - null
[2022-10-07T16:27:20.119] [DEBUG] cheese - login => username:admin,password:123456
[2022-10-07T16:27:20.119] [DEBUG] cheese - admin
[2022-10-07T16:27:20.121] [DEBUG] cheese - null
[2022-10-07T16:27:20.122] [DEBUG] cheese - null
[2022-10-07T16:58:34.226] [DEBUG] cheese - login => username:admin,password:123456
[2022-10-07T16:58:34.228] [DEBUG] cheese - admin
[2022-10-07T16:58:34.231] [DEBUG] cheese - null
[2022-10-07T16:58:34.231] [DEBUG] cheese - null
[2022-10-07T17:00:36.446] [DEBUG] cheese - login => username:admin,password:123456
[2022-10-07T17:00:36.446] [DEBUG] cheese - admin
[2022-10-07T17:00:36.450] [DEBUG] cheese - null
[2022-10-07T17:00:36.450] [DEBUG] cheese - null
[2022-10-07T17:05:24.036] [DEBUG] cheese - login => username:admin,password:123456
[2022-10-07T17:05:24.037] [DEBUG] cheese - admin
[2022-10-07T17:05:24.040] [DEBUG] cheese - null
[2022-10-07T17:05:24.040] [DEBUG] cheese - null
[2022-10-07T17:16:53.198] [DEBUG] cheese - login => username:admin,password:123456
[2022-10-07T17:16:53.198] [DEBUG] cheese - admin
[2022-10-07T17:16:53.200] [DEBUG] cheese - null
[2022-10-07T17:16:53.200] [DEBUG] cheese - null
